<?xml version="1.0" encoding="UTF-8"?>
<!-- Generated by org.testng.reporters.JUnitReportReporter -->
<testsuite hostname="LAPTOP-GE0MH9LO" failures="0" tests="3" name="day22.Assignment3" time="0.191" errors="0" timestamp="13 Nov 2018 23:46:20 GMT" skipped="0">
  <testcase classname="day22.Assignment3" name="method3" time="0.062"/>
  <testcase classname="day22.Assignment3" name="method1" time="0.027"/>
  <testcase classname="day22.Assignment3" name="method2" time="0.102"/>
</testsuite> <!-- day22.Assignment3 -->
