<?xml version="1.0" encoding="UTF-8"?>
<!-- Generated by org.testng.reporters.JUnitReportReporter -->
<testsuite hostname="LAPTOP-GE0MH9LO" failures="0" tests="3" name="day22.Assignment1" time="0.153" errors="0" timestamp="13 Nov 2018 23:54:23 GMT" skipped="0">
  <testcase classname="day22.Assignment1" name="signInBtn" time="0.039"/>
  <testcase classname="day22.Assignment1" name="signInBtn" time="0.060"/>
  <testcase classname="day22.Assignment1" name="signInBtn" time="0.054"/>
</testsuite> <!-- day22.Assignment1 -->
