<?xml version="1.0" encoding="UTF-8"?>
<!-- Generated by org.testng.reporters.JUnitReportReporter -->
<testsuite hostname="LAPTOP-GE0MH9LO" failures="0" tests="3" name="day22.Assignment2" time="0.084" errors="0" timestamp="13 Nov 2018 23:43:43 GMT" skipped="1">
  <testcase classname="day22.Assignment2" name="titleTest" time="0.017"/>
  <testcase classname="day22.Assignment2" name="genderRadioBtn" time="0.067"/>
  <testcase classname="day22.Assignment2" name="logIn">
    <skipped/>
  </testcase> <!-- logIn -->
</testsuite> <!-- day22.Assignment2 -->
